c:\users\daidaiwangwenhui\desktop\greedy snake\greedy snake\greedy snake\x64\debug\vc143.pdb
c:\users\daidaiwangwenhui\desktop\greedy snake\greedy snake\greedy snake\x64\debug\vc143.idb
c:\users\daidaiwangwenhui\desktop\greedy snake\greedy snake\greedy snake\x64\debug\tools.obj
c:\users\daidaiwangwenhui\desktop\greedy snake\greedy snake\greedy snake\x64\debug\startinterface.obj
c:\users\daidaiwangwenhui\desktop\greedy snake\greedy snake\greedy snake\x64\debug\snakefood.obj
c:\users\daidaiwangwenhui\desktop\greedy snake\greedy snake\greedy snake\x64\debug\snake.obj
c:\users\daidaiwangwenhui\desktop\greedy snake\greedy snake\greedy snake\x64\debug\point.obj
c:\users\daidaiwangwenhui\desktop\greedy snake\greedy snake\greedy snake\x64\debug\map.obj
c:\users\daidaiwangwenhui\desktop\greedy snake\greedy snake\greedy snake\x64\debug\main.obj
c:\users\daidaiwangwenhui\desktop\greedy snake\greedy snake\greedy snake\x64\debug\food.obj
c:\users\daidaiwangwenhui\desktop\greedy snake\greedy snake\greedy snake\x64\debug\controller.obj
c:\users\daidaiwangwenhui\desktop\greedy snake\greedy snake\x64\debug\greedy snake.pdb
c:\users\daidaiwangwenhui\desktop\greedy snake\greedy snake\greedy snake\x64\debug\greedy snake.tlog\cl.command.1.tlog
c:\users\daidaiwangwenhui\desktop\greedy snake\greedy snake\greedy snake\x64\debug\greedy snake.tlog\cl.read.1.tlog
c:\users\daidaiwangwenhui\desktop\greedy snake\greedy snake\greedy snake\x64\debug\greedy snake.tlog\cl.write.1.tlog
c:\users\daidaiwangwenhui\desktop\greedy snake\greedy snake\greedy snake\x64\debug\greedy snake.tlog\link-cvtres.read.1.tlog
c:\users\daidaiwangwenhui\desktop\greedy snake\greedy snake\greedy snake\x64\debug\greedy snake.tlog\link-cvtres.write.1.tlog
c:\users\daidaiwangwenhui\desktop\greedy snake\greedy snake\greedy snake\x64\debug\greedy snake.tlog\link-rc.read.1.tlog
c:\users\daidaiwangwenhui\desktop\greedy snake\greedy snake\greedy snake\x64\debug\greedy snake.tlog\link-rc.write.1.tlog
c:\users\daidaiwangwenhui\desktop\greedy snake\greedy snake\greedy snake\x64\debug\greedy snake.tlog\link.34736-cvtres.read.1.tlog
c:\users\daidaiwangwenhui\desktop\greedy snake\greedy snake\greedy snake\x64\debug\greedy snake.tlog\link.34736-cvtres.write.1.tlog
c:\users\daidaiwangwenhui\desktop\greedy snake\greedy snake\greedy snake\x64\debug\greedy snake.tlog\link.34736-rc.read.1.tlog
c:\users\daidaiwangwenhui\desktop\greedy snake\greedy snake\greedy snake\x64\debug\greedy snake.tlog\link.34736-rc.write.1.tlog
c:\users\daidaiwangwenhui\desktop\greedy snake\greedy snake\greedy snake\x64\debug\greedy snake.tlog\link.34736.read.1.tlog
c:\users\daidaiwangwenhui\desktop\greedy snake\greedy snake\greedy snake\x64\debug\greedy snake.tlog\link.34736.read.2.tlog
c:\users\daidaiwangwenhui\desktop\greedy snake\greedy snake\greedy snake\x64\debug\greedy snake.tlog\link.34736.write.1.tlog
c:\users\daidaiwangwenhui\desktop\greedy snake\greedy snake\greedy snake\x64\debug\greedy snake.tlog\link.command.1.tlog
c:\users\daidaiwangwenhui\desktop\greedy snake\greedy snake\greedy snake\x64\debug\greedy snake.tlog\link.read.1.tlog
c:\users\daidaiwangwenhui\desktop\greedy snake\greedy snake\greedy snake\x64\debug\greedy snake.tlog\link.read.2.tlog
c:\users\daidaiwangwenhui\desktop\greedy snake\greedy snake\greedy snake\x64\debug\greedy snake.tlog\link.write.1.tlog
